Traceback (most recent call last):
  File "/home/tom/miniconda3/lib/python3.13/site-packages/jupyter_core/utils/__init__.py", line 154, in wrapped
    asyncio.get_running_loop()
    ~~~~~~~~~~~~~~~~~~~~~~~~^^
RuntimeError: no running event loop

During handling of the above exception, another exception occurred:

Traceback (most recent call last):
  File "/home/tom/miniconda3/lib/python3.13/site-packages/jupyter_cache/executors/utils.py", line 58, in single_nb_execution
    executenb(
    ~~~~~~~~~^
        nb,
        ^^^
    ...<4 lines>...
        **kwargs,
        ^^^^^^^^^
    )
    ^
  File "/home/tom/miniconda3/lib/python3.13/site-packages/nbclient/client.py", line 1319, in execute
    return NotebookClient(nb=nb, resources=resources, km=km, **kwargs).execute()
           ~~~~~~~~~~~~~~~~~~~~~~~~~~~~~~~~~~~~~~~~~~~~~~~~~~~~~~~~~~~~~~~~~~~^^
  File "/home/tom/miniconda3/lib/python3.13/site-packages/jupyter_core/utils/__init__.py", line 158, in wrapped
    return loop.run_until_complete(inner)
           ~~~~~~~~~~~~~~~~~~~~~~~^^^^^^^
  File "/home/tom/miniconda3/lib/python3.13/asyncio/base_events.py", line 725, in run_until_complete
    return future.result()
           ~~~~~~~~~~~~~^^
  File "/home/tom/miniconda3/lib/python3.13/site-packages/nbclient/client.py", line 709, in async_execute
    await self.async_execute_cell(
        cell, index, execution_count=self.code_cells_executed + 1
    )
  File "/home/tom/miniconda3/lib/python3.13/site-packages/nbclient/client.py", line 1062, in async_execute_cell
    await self._check_raise_for_error(cell, cell_index, exec_reply)
  File "/home/tom/miniconda3/lib/python3.13/site-packages/nbclient/client.py", line 918, in _check_raise_for_error
    raise CellExecutionError.from_cell_and_msg(cell, exec_reply_content)
nbclient.exceptions.CellExecutionError: An error occurred while executing the following cell:
------------------
weer_vars = ['TG', 'FXX', 'DR']  # bijvoorbeeld minimum zicht
misdaad_vars = ['1.1.1 Diefstal/inbraak woning', '1.3.1 Ongevallen (weg)', '2.5.2 Winkeldiefstal', '1.2.4 Zakkenrollerij', '1.4.2 Moord, doodslag', '1.2.3 Diefstal van brom-, snor-, fietsen']

# Correlaties van 1 weer-variabele met alle misdaad-variabelen
corr_values = df[[weer_var] + misdaad_vars].corr()[weer_var].drop(weer_var)

df_subset = df[weer_vars + misdaad_vars]

# Bereken de correlatie matrix
corr_matrix = df_subset.corr()

# Pak alleen de correlaties tussen weer_vars en misdaad_vars
corr_submatrix = corr_matrix.loc[weer_vars, misdaad_vars]

plt.figure(figsize=(10,6))
sns.heatmap(corr_submatrix, annot=True, cmap='coolwarm', center=0)
plt.title('Correlation between Weather Variables and Crime Categories')
plt.xlabel('Crime Categories')
plt.ylabel('Weather Variables')
plt.show()
------------------


[31m---------------------------------------------------------------------------[39m
[31mNameError[39m                                 Traceback (most recent call last)
[36mCell[39m[36m [39m[32mIn[6][39m[32m, line 5[39m
[32m      2[39m misdaad_vars = [[33m'[39m[33m1.1.1 Diefstal/inbraak woning[39m[33m'[39m, [33m'[39m[33m1.3.1 Ongevallen (weg)[39m[33m'[39m, [33m'[39m[33m2.5.2 Winkeldiefstal[39m[33m'[39m, [33m'[39m[33m1.2.4 Zakkenrollerij[39m[33m'[39m, [33m'[39m[33m1.4.2 Moord, doodslag[39m[33m'[39m, [33m'[39m[33m1.2.3 Diefstal van brom-, snor-, fietsen[39m[33m'[39m]
[32m      4[39m [38;5;66;03m# Correlaties van 1 weer-variabele met alle misdaad-variabelen[39;00m
[32m----> [39m[32m5[39m corr_values = df[[[43mweer_var[49m] + misdaad_vars].corr()[weer_var].drop(weer_var)
[32m      7[39m df_subset = df[weer_vars + misdaad_vars]
[32m      9[39m [38;5;66;03m# Bereken de correlatie matrix[39;00m

[31mNameError[39m: name 'weer_var' is not defined

